         Title Nucleotide sequence of cloned cDNA for bovine corticotropin-β-lipotropin precursor
           URL http://link.springer.com/article/10.1038/278423a0
          Year 1979
     Citations 1876
      Versions 7
    Cluster ID 4402503120817203939
Citations list http://scholar.google.com/scholar?cites=4402503120817203939&as_sdt=2005&sciodt=0,5&hl=en
 Versions list http://scholar.google.com/scholar?cluster=4402503120817203939&hl=en&as_sdt=0,5
       Excerpt Abstract The nucleotide sequence of a 1,091-base pair cloned cDNA insert encoding bovine corticotropin-β-lipotropin precursor mRNA is reported. The corresponding amino acid sequence indicates that the precursor protein consists of repetitive units and includes a third 

         Title Primary structure of Electrophorus electricus sodium channel deduced from cDNA sequence
           URL http://link.springer.com/article/10.1038/312121a0
          Year 1984
     Citations 1346
      Versions 8
    Cluster ID 9216981984215102955
Citations list http://scholar.google.com/scholar?cites=9216981984215102955&as_sdt=2005&sciodt=0,5&hl=en
 Versions list http://scholar.google.com/scholar?cluster=9216981984215102955&hl=en&as_sdt=0,5
       Excerpt Abstract Cloning and sequence analysis of cDNA for the Electrophorus electricus electroplax sodium channel indicate that this protein, consisting of 1,820 amino acid residues, exhibits four repeated homology units, which are presumably oriented in a 

         Title Cloning and sequence analysis of cDNA for bovine adrenal preproenkephalin
           URL http://scholar.google.com/https://www.nature.com/nature/journal/v295/n5846/abs/295202a0.html
          Year 1982
     Citations 961
      Versions 4
    Cluster ID 10433279938103410286
Citations list http://scholar.google.com/scholar?cites=10433279938103410286&as_sdt=2005&sciodt=0,5&hl=en
 Versions list http://scholar.google.com/scholar?cluster=10433279938103410286&hl=en&as_sdt=0,5
       Excerpt METHIONINE-enkephalin (Met-enkephalin) and leucineenkephalin (Leu-enkephalin) are endogenous pentapeptides with opiate-like activity which were originally discovered in the brain". The Met-enkephalin sequence is contained in the struc-ture of 8-lipotropin (8-LPH), 

         Title Primary structure of the receptor for calcium channel blockers from skeletal muscle
           URL http://link.springer.com/article/10.1038/328313a0
          Year 1987
     Citations 1375
      Versions 7
    Cluster ID 7546187083582717568
Citations list http://scholar.google.com/scholar?cites=7546187083582717568&as_sdt=2005&sciodt=0,5&hl=en
 Versions list http://scholar.google.com/scholar?cluster=7546187083582717568&hl=en&as_sdt=0,5
       Excerpt Abstract The complete amino-acid sequence of the receptor for dihydropyridine calcium channel blockers from rabbit skeletal muscle is predicted by cloning and sequence analysis of DNA complementary to its messenger RNA. Structural and sequence similarities to the 

         Title Cloning and sequence analysis of cDNA for porcine β-neo-endorphin/dynorphin precursor
           URL http://scholar.google.com/https://www.nature.com/nature/journal/v298/n5871/abs/298245a0.html
          Year 1982
     Citations 886
      Versions 5
    Cluster ID 13417869502884655053
Citations list http://scholar.google.com/scholar?cites=13417869502884655053&as_sdt=2005&sciodt=0,5&hl=en
 Versions list http://scholar.google.com/scholar?cluster=13417869502884655053&hl=en&as_sdt=0,5
       Excerpt The primary structure of a precursor protein that contains (8-neo-endorphin, dynorphin and a third leucine-enkephalin sequence with a carboxyl extension has been deduced from the nucleotide sequence of cloned DNA complementary to the porcine hypothalamic mRNA 

         Title Structural parts involved in activation and inactivation of the sodium channel
           URL http://link.springer.com/article/10.1038/339597a0
          Year 1989
     Citations 1179
      Versions 11
    Cluster ID 5622117096196307067
Citations list http://scholar.google.com/scholar?cites=5622117096196307067&as_sdt=2005&sciodt=0,5&hl=en
 Versions list http://scholar.google.com/scholar?cluster=5622117096196307067&hl=en&as_sdt=0,5
       Excerpt Abstract Structure–function relationships of the sodium channel expressed in Xenopus oocytes have been investigated by the combined use of site–directed mutagenesis and patch-clamp recording. This study provides evidence that the positive charges in segment 

         Title Primary structure and expression from complementary DNA of skeletal muscle ryanodine receptor
           URL http://link.springer.com/article/10.1038/339439a0
          Year 1989
     Citations 1153
      Versions 9
    Cluster ID 4870804106214732563
Citations list http://scholar.google.com/scholar?cites=4870804106214732563&as_sdt=2005&sciodt=0,5&hl=en
 Versions list http://scholar.google.com/scholar?cluster=4870804106214732563&hl=en&as_sdt=0,5
       Excerpt Abstract The sequence of 5,037 amino acids composing the ryanodine receptor from rabbit skeletal muscle sarcoplasmic reticulum has been deduced by cloning and sequencing the complementary DNA. The predicted structure suggests that the calcium release channel 

         Title Primary structure and functional expression of the cardiac dihydropyridine-sensitive calcium channel
           URL http://link.springer.com/article/10.1038/340230a0
          Year 1989
     Citations 947
      Versions 6
    Cluster ID 12488962541117411730
Citations list http://scholar.google.com/scholar?cites=12488962541117411730&as_sdt=2005&sciodt=0,5&hl=en
 Versions list http://scholar.google.com/scholar?cluster=12488962541117411730&hl=en&as_sdt=0,5
       Excerpt Abstract IN cardiac muscle, where Ca 2+ influx across the sarcolemma is essential for contraction, the dihydropyridine (DHP)-sensitive L-type calcium channel 1 represents the major entry pathway of extracellular Ca 2+. We have previously elucidated the primary 

         Title Primary structure of α-subunit precursor of Torpedo californica acetylcholine receptor deduced from cDNA sequence
           URL http://scholar.google.com/https://link.springer.com/article/10.1038/299793a0
          Year 1982
     Citations 772
      Versions 4
    Cluster ID 331787195892358249
Citations list http://scholar.google.com/scholar?cites=331787195892358249&as_sdt=2005&sciodt=0,5&hl=en
 Versions list http://scholar.google.com/scholar?cluster=331787195892358249&hl=en&as_sdt=0,5
       Excerpt Abstract DNA sequences complementary to the Torpedo californica electroplax mRNA coding for the α-subunit precursor of the acetylcholine receptor were cloned. The nucleotide sequence of the cloned cDNA indicates that the precursor consists of 461 amino acids 

         Title Molecular distinction between fetal and adult forms of muscle acetylcholine receptor
           URL http://scholar.google.com/https://www.nature.com/nature/journal/v321/n6068/abs/321406a0.html
          Year 1986
     Citations 917
      Versions 7
    Cluster ID 6670404440675143584
Citations list http://scholar.google.com/scholar?cites=6670404440675143584&as_sdt=2005&sciodt=0,5&hl=en
 Versions list http://scholar.google.com/scholar?cluster=6670404440675143584&hl=en&as_sdt=0,5
       Excerpt Distinct classes of acetylcholine receptor channels are formed when Xenopus oocytes are injected with combinations of the bovine a-, f-, y-and ð-or the a-, 8-, y-and e-subunit-specific messenger RNAs. The conductance and gating properties of the two classes of channels, in 

