         Title Repair of porcine articular osteochondral defects in non-weightbearing areas with autologous bone marrow stromal cells
           URL http://online.liebertpub.com/doi/abs/10.1089/ten.2006.12.3209
          Year 2006
     Citations 170
      Versions 4
    Cluster ID 939223295723460150
Citations list http://scholar.google.com/scholar?cites=939223295723460150&as_sdt=2005&sciodt=0,5&hl=en
 Versions list http://scholar.google.com/scholar?cluster=939223295723460150&hl=en&as_sdt=0,5
       Excerpt In vivo niche is known to play important roles in terminal differentiation of implanted bone marrow stromal cells (BMSCs). This study explored the feasibility of repairing articular osteochondral defects using autologous BMSCs and biodegradable polymers. BMSCs from 

         Title In vivo ectopic chondrogenesis of BMSCs directed by mature chondrocytes
           URL http://www.sciencedirect.com/science/article/pii/S0142961210010902
          Year 2010
     Citations 111
      Versions 8
    Cluster ID 8473683353801412655
Citations list http://scholar.google.com/scholar?cites=8473683353801412655&as_sdt=2005&sciodt=0,5&hl=en
 Versions list http://scholar.google.com/scholar?cluster=8473683353801412655&hl=en&as_sdt=0,5
       Excerpt In vivo niche plays an important role in determining the fate of exogenously implanted stem cells. Due to the lack of a proper chondrogenic niche, stable ectopic chondrogenesis of mesenchymal stem cells (MSCs) in subcutaneous environments remains a great challenge. 

         Title Human neuropathological and animal model evidence supporting a role for Fas-mediated apoptosis and inflammation in cervical spondylotic myelopathy
           URL http://scholar.google.com/https://academic.oup.com/brain/article-abstract/134/5/1277/285620
          Year 2011
     Citations 55
      Versions 8
    Cluster ID 5240376458551211990
Citations list http://scholar.google.com/scholar?cites=5240376458551211990&as_sdt=2005&sciodt=0,5&hl=en
 Versions list http://scholar.google.com/scholar?cluster=5240376458551211990&hl=en&as_sdt=0,5
       Excerpt Abstract Although cervical spondylotic myelopathy is a common cause of chronic spinal cord dysfunction in humans, little is known about the molecular mechanisms underlying the progressive neural degeneration characterized by this condition. Based on animal models of 

         Title Modifications of structure and physicochemical properties of maize starch by γ-irradiation treatments
           URL http://www.sciencedirect.com/science/article/pii/S0023643811003392
          Year 2012
     Citations 54
      Versions 6
    Cluster ID 12746893649784278428
Citations list http://scholar.google.com/scholar?cites=12746893649784278428&as_sdt=2005&sciodt=0,5&hl=en
 Versions list http://scholar.google.com/scholar?cluster=12746893649784278428&hl=en&as_sdt=0,5
       Excerpt Maize starch powder was exposed to a 60Co source (0, 1, 2, 5, 10, 20, 50, 100, 200, or 500 kGy) and the effects of γ-irradiation treatment on the structure and physicochemical properties of the starch granules were studied. The results showed that peak, trough, final, 

         Title Involvement of mitochondrial signaling pathways in the mechanism of Fas‐mediated apoptosis after spinal cord injury
           URL http://onlinelibrary.wiley.com/doi/10.1111/j.1460-9568.2008.06555.x/full
          Year 2009
     Citations 48
      Versions 5
    Cluster ID 17341817278204995833
Citations list http://scholar.google.com/scholar?cites=17341817278204995833&as_sdt=2005&sciodt=0,5&hl=en
 Versions list http://scholar.google.com/scholar?cluster=17341817278204995833&hl=en&as_sdt=0,5
       Excerpt Abstract Activation of the Fas receptor has been recently linked to apoptotic cell death after spinal cord injury (SCI). Although it is generally considered that Fas activation mediates apoptosis predominantly through the extrinsic pathway, we hypothesized that intrinsic 

         Title Molecular mechanisms of spinal cord dysfunction and cell death in the spinal hyperostotic mouse: implications for the pathophysiology of human cervical spondylotic  …
           URL http://www.sciencedirect.com/science/article/pii/S0969996108002441
          Year 2009
     Citations 42
      Versions 7
    Cluster ID 6287123905303617955
Citations list http://scholar.google.com/scholar?cites=6287123905303617955&as_sdt=2005&sciodt=0,5&hl=en
 Versions list http://scholar.google.com/scholar?cluster=6287123905303617955&hl=en&as_sdt=0,5
       Excerpt Cervical spondylotic myelopathy (CSM) is the most common cause of spinal cord dysfunction in adults in Western society. Paradoxically, relatively little is known about the pathobiological mechanisms associated with the progressive loss of neural tissue in the 

         Title A template carbonization strategy to synthesize ordered mesoporous silica microspheres with trapped sulfonated carbon nanoparticles for efficient catalysis
           URL http://onlinelibrary.wiley.com/doi/10.1002/ange.201204719/full
          Year 2012
     Citations 37
      Versions 9
    Cluster ID 8681815770671430569
Citations list http://scholar.google.com/scholar?cites=8681815770671430569&as_sdt=2005&sciodt=0,5&hl=en
 Versions list http://scholar.google.com/scholar?cluster=8681815770671430569&hl=en&as_sdt=0,5
       Excerpt Ordered mesoporous materials have attracted much attention since their discovery owing to their outstanding properties, such as tunable pore sizes and mesostructures, variable morphologies, high surface areas, and large pore volumes.[1–8] These features make them 

         Title The role of bFGF in down-regulating α-SMA expression of chondrogenically induced BMSCs and preventing the shrinkage of BMSC engineered cartilage
           URL http://www.sciencedirect.com/science/article/pii/S0142961211002626
          Year 2011
     Citations 31
      Versions 6
    Cluster ID 6322698880152498480
Citations list http://scholar.google.com/scholar?cites=6322698880152498480&as_sdt=2005&sciodt=0,5&hl=en
 Versions list http://scholar.google.com/scholar?cluster=6322698880152498480&hl=en&as_sdt=0,5
       Excerpt Abstract Bone marrow stromal cells (BMSCs) have proved to be an ideal cell source for cartilage regeneration. Our previous studies demonstrated that a three-dimensional (3D) cartilage could be constructed successfully in vitro using BMSCs and biodegradable 

         Title What is the ultimate fate of presented abstracts? The conversion rates of presentations to publications over a five-year period from three North American plastic  …
           URL http://journals.sagepub.com/doi/abs/10.1177/229255031202000118
          Year 2012
     Citations 31
      Versions 10
    Cluster ID 9788606483579227889
Citations list http://scholar.google.com/scholar?cites=9788606483579227889&as_sdt=2005&sciodt=0,5&hl=en
 Versions list http://scholar.google.com/scholar?cluster=9788606483579227889&hl=en&as_sdt=0,5
       Excerpt Background Advancements in clinical decision-making are influenced by presentations made at scientific conferences or publications in journals with extensive readership. However, many ideas shared at annual conferences fail to be published, and most surgeons 

         Title Three‐dimensional simulation of wave‐induced circulation: Comparison of three radiation stress formulations
           URL http://onlinelibrary.wiley.com/doi/10.1029/2010JC006765/full
          Year 2011
     Citations 32
      Versions 3
    Cluster ID 8151272735527839761
Citations list http://scholar.google.com/scholar?cites=8151272735527839761&as_sdt=2005&sciodt=0,5&hl=en
 Versions list http://scholar.google.com/scholar?cluster=8151272735527839761&hl=en&as_sdt=0,5
       Excerpt Abstract [1] A three-dimensional current-wave modeling system, Curvilinear-grid Hydrodynamics 3D (CH3D)-Simulating Waves Nearshore (SWAN), has been used to simulate wave-induced circulation and compare the performances of three radiation stress 

